Release 14.7 - xst P.20131013 (nt64)
Copyright (c) 1995-2013 Xilinx, Inc.  All rights reserved.
--> Parameter TMPDIR set to xst/projnav.tmp


Total REAL time to Xst completion: 0.00 secs
Total CPU time to Xst completion: 0.17 secs
 
--> Parameter xsthdpdir set to xst


Total REAL time to Xst completion: 0.00 secs
Total CPU time to Xst completion: 0.17 secs
 
--> Reading design: Ram.prj

TABLE OF CONTENTS
  1) Synthesis Options Summary
  2) HDL Parsing
  3) HDL Elaboration
  4) HDL Synthesis
       4.1) HDL Synthesis Report
  5) Advanced HDL Synthesis
       5.1) Advanced HDL Synthesis Report
  6) Low Level Synthesis
  7) Partition Report
  8) Design Summary
       8.1) Primitive and Black Box Usage
       8.2) Device utilization summary
       8.3) Partition Resource Summary
       8.4) Timing Report
            8.4.1) Clock Information
            8.4.2) Asynchronous Control Signals Information
            8.4.3) Timing Summary
            8.4.4) Timing Details
            8.4.5) Cross Clock Domains Report


=========================================================================
*                      Synthesis Options Summary                        *
=========================================================================
---- Source Parameters
Input File Name                    : "Ram.prj"
Ignore Synthesis Constraint File   : NO

---- Target Parameters
Output File Name                   : "Ram"
Output Format                      : NGC
Target Device                      : xc6slx4-3-tqg144

---- Source Options
Top Module Name                    : Ram
Automatic FSM Extraction           : YES
FSM Encoding Algorithm             : Auto
Safe Implementation                : No
FSM Style                          : LUT
RAM Extraction                     : Yes
RAM Style                          : Auto
ROM Extraction                     : Yes
Shift Register Extraction          : YES
ROM Style                          : Auto
Resource Sharing                   : YES
Asynchronous To Synchronous        : NO
Shift Register Minimum Size        : 2
Use DSP Block                      : Auto
Automatic Register Balancing       : No

---- Target Options
LUT Combining                      : Auto
Reduce Control Sets                : Auto
Add IO Buffers                     : YES
Global Maximum Fanout              : 100000
Add Generic Clock Buffer(BUFG)     : 16
Register Duplication               : YES
Optimize Instantiated Primitives   : NO
Use Clock Enable                   : Auto
Use Synchronous Set                : Auto
Use Synchronous Reset              : Auto
Pack IO Registers into IOBs        : Auto
Equivalent register Removal        : YES

---- General Options
Optimization Goal                  : Speed
Optimization Effort                : 1
Power Reduction                    : NO
Keep Hierarchy                     : No
Netlist Hierarchy                  : As_Optimized
RTL Output                         : Yes
Global Optimization                : AllClockNets
Read Cores                         : YES
Write Timing Constraints           : NO
Cross Clock Analysis               : NO
Hierarchy Separator                : /
Bus Delimiter                      : <>
Case Specifier                     : Maintain
Slice Utilization Ratio            : 100
BRAM Utilization Ratio             : 100
DSP48 Utilization Ratio            : 100
Auto BRAM Packing                  : NO
Slice Utilization Ratio Delta      : 5

=========================================================================


=========================================================================
*                          HDL Parsing                                  *
=========================================================================
Parsing VHDL file "C:\Users\User\Desktop\Lab07-HeliaSadatHashemipour-9831106\Ram\Ram.vhd" into library work
Parsing entity <Ram>.
Parsing architecture <Random_Access_Memory> of entity <ram>.

=========================================================================
*                            HDL Elaboration                            *
=========================================================================

Elaborating entity <Ram> (architecture <Random_Access_Memory>) with generics from library <work>.

=========================================================================
*                           HDL Synthesis                               *
=========================================================================

Synthesizing Unit <Ram>.
    Related source file is "C:\Users\User\Desktop\Lab07-HeliaSadatHashemipour-9831106\Ram\Ram.vhd".
        d = 32
        c = 5
        w = 5
    Found 5-bit register for signal <memory<31>>.
    Found 5-bit register for signal <memory<1>>.
    Found 5-bit register for signal <memory<30>>.
    Found 5-bit register for signal <memory<2>>.
    Found 5-bit register for signal <memory<29>>.
    Found 5-bit register for signal <memory<3>>.
    Found 5-bit register for signal <memory<28>>.
    Found 5-bit register for signal <memory<4>>.
    Found 5-bit register for signal <memory<27>>.
    Found 5-bit register for signal <memory<5>>.
    Found 5-bit register for signal <memory<26>>.
    Found 5-bit register for signal <memory<6>>.
    Found 5-bit register for signal <memory<25>>.
    Found 5-bit register for signal <memory<7>>.
    Found 5-bit register for signal <memory<24>>.
    Found 5-bit register for signal <memory<8>>.
    Found 5-bit register for signal <memory<23>>.
    Found 5-bit register for signal <memory<9>>.
    Found 5-bit register for signal <memory<22>>.
    Found 5-bit register for signal <memory<10>>.
    Found 5-bit register for signal <memory<21>>.
    Found 5-bit register for signal <memory<11>>.
    Found 5-bit register for signal <memory<20>>.
    Found 5-bit register for signal <memory<12>>.
    Found 5-bit register for signal <memory<19>>.
    Found 5-bit register for signal <memory<13>>.
    Found 5-bit register for signal <memory<18>>.
    Found 5-bit register for signal <memory<14>>.
    Found 5-bit register for signal <memory<17>>.
    Found 5-bit register for signal <memory<15>>.
    Found 5-bit register for signal <memory<16>>.
    Found 5-bit register for signal <memory<0>>.
    Found 5-bit register for signal <data>.
    Found 5-bit 32-to-1 multiplexer for signal <addr[4]_memory[31][4]_wide_mux_0_OUT> created at line 56.
    Summary:
	inferred 165 D-type flip-flop(s).
	inferred   1 Multiplexer(s).
Unit <Ram> synthesized.

=========================================================================
HDL Synthesis Report

Macro Statistics
# Registers                                            : 33
 5-bit register                                        : 33
# Multiplexers                                         : 1
 5-bit 32-to-1 multiplexer                             : 1

=========================================================================

=========================================================================
*                       Advanced HDL Synthesis                          *
=========================================================================


=========================================================================
Advanced HDL Synthesis Report

Macro Statistics
# Registers                                            : 165
 Flip-Flops                                            : 165
# Multiplexers                                         : 1
 5-bit 32-to-1 multiplexer                             : 1

=========================================================================

=========================================================================
*                         Low Level Synthesis                           *
=========================================================================

Optimizing unit <Ram> ...

Mapping all equations...
Building and optimizing final netlist ...
Found area constraint ratio of 100 (+ 5) on block Ram, actual ratio is 10.

Final Macro Processing ...

=========================================================================
Final Register Report

Macro Statistics
# Registers                                            : 165
 Flip-Flops                                            : 165

=========================================================================

=========================================================================
*                           Partition Report                            *
=========================================================================

Partition Implementation Status
-------------------------------

  No Partitions were found in this design.

-------------------------------

=========================================================================
*                            Design Summary                             *
=========================================================================

Top Level Output File Name         : Ram.ngc

Primitive and Black Box Usage:
------------------------------
# BELS                             : 91
#      INV                         : 1
#      LUT3                        : 3
#      LUT5                        : 32
#      LUT6                        : 50
#      MUXF7                       : 5
# FlipFlops/Latches                : 165
#      FDCE                        : 80
#      FDE                         : 5
#      FDPE                        : 80
# Clock Buffers                    : 1
#      BUFGP                       : 1
# IO Buffers                       : 13
#      IBUF                        : 8
#      OBUF                        : 5

Device utilization summary:
---------------------------

Selected Device : 6slx4tqg144-3 


Slice Logic Utilization: 
 Number of Slice Registers:             165  out of   4800     3%  
 Number of Slice LUTs:                   86  out of   2400     3%  
    Number used as Logic:                86  out of   2400     3%  

Slice Logic Distribution: 
 Number of LUT Flip Flop pairs used:    228
   Number with an unused Flip Flop:      63  out of    228    27%  
   Number with an unused LUT:           142  out of    228    62%  
   Number of fully used LUT-FF pairs:    23  out of    228    10%  
   Number of unique control sets:        33

IO Utilization: 
 Number of IOs:                          14
 Number of bonded IOBs:                  14  out of    102    13%  

Specific Feature Utilization:
 Number of BUFG/BUFGCTRLs:                1  out of     16     6%  

---------------------------
Partition Resource Summary:
---------------------------

  No Partitions were found in this design.

---------------------------


=========================================================================
Timing Report

NOTE: THESE TIMING NUMBERS ARE ONLY A SYNTHESIS ESTIMATE.
      FOR ACCURATE TIMING INFORMATION PLEASE REFER TO THE TRACE REPORT
      GENERATED AFTER PLACE-and-ROUTE.

Clock Information:
------------------
-----------------------------------+------------------------+-------+
Clock Signal                       | Clock buffer(FF name)  | Load  |
-----------------------------------+------------------------+-------+
clk                                | BUFGP                  | 165   |
-----------------------------------+------------------------+-------+

Asynchronous Control Signals Information:
----------------------------------------
No asynchronous control signals found in this design

Timing Summary:
---------------
Speed Grade: -3

   Minimum period: 2.749ns (Maximum Frequency: 363.808MHz)
   Minimum input arrival time before clock: 5.677ns
   Maximum output required time after clock: 4.323ns
   Maximum combinational path delay: No path found

Timing Details:
---------------
All values displayed in nanoseconds (ns)

=========================================================================
Timing constraint: Default period analysis for Clock 'clk'
  Clock period: 2.749ns (frequency: 363.808MHz)
  Total number of paths / destination ports: 320 / 165
-------------------------------------------------------------------------
Delay:               2.749ns (Levels of Logic = 3)
  Source:            memory_26_0 (FF)
  Destination:       data_0 (FF)
  Source Clock:      clk rising
  Destination Clock: clk rising

  Data Path: memory_26_0 to data_0
                                Gate     Net
    Cell:in->out      fanout   Delay   Delay  Logical Name (Net Name)
    ----------------------------------------  ------------
     FDCE:C->Q             1   0.447   0.827  memory_26_0 (memory_26_0)
     LUT6:I2->O            1   0.203   0.827  Mmux_addr[4]_memory[31][4]_wide_mux_0_OUT_81 (Mmux_addr[4]_memory[31][4]_wide_mux_0_OUT_81)
     LUT6:I2->O            1   0.203   0.000  Mmux_addr[4]_memory[31][4]_wide_mux_0_OUT_3 (Mmux_addr[4]_memory[31][4]_wide_mux_0_OUT_3)
     MUXF7:I1->O           1   0.140   0.000  Mmux_addr[4]_memory[31][4]_wide_mux_0_OUT_2_f7 (addr[4]_memory[31][4]_wide_mux_0_OUT<0>)
     FDE:D                     0.102          data_0
    ----------------------------------------
    Total                      2.749ns (1.095ns logic, 1.654ns route)
                                       (39.8% logic, 60.2% route)

=========================================================================
Timing constraint: Default OFFSET IN BEFORE for Clock 'clk'
  Total number of paths / destination ports: 1400 / 330
-------------------------------------------------------------------------
Offset:              5.677ns (Levels of Logic = 3)
  Source:            addr<1> (PAD)
  Destination:       memory_1_0 (FF)
  Destination Clock: clk rising

  Data Path: addr<1> to memory_1_0
                                Gate     Net
    Cell:in->out      fanout   Delay   Delay  Logical Name (Net Name)
    ----------------------------------------  ------------
     IBUF:I->O            42   1.222   1.662  addr_1_IBUF (addr_1_IBUF)
     LUT3:I0->O           16   0.205   1.349  _n0347_inv11 (_n0347_inv1)
     LUT5:I0->O            5   0.203   0.714  _n0368_inv1 (_n0368_inv)
     FDPE:CE                   0.322          memory_29_0
    ----------------------------------------
    Total                      5.677ns (1.952ns logic, 3.725ns route)
                                       (34.4% logic, 65.6% route)

=========================================================================
Timing constraint: Default OFFSET OUT AFTER for Clock 'clk'
  Total number of paths / destination ports: 5 / 5
-------------------------------------------------------------------------
Offset:              4.323ns (Levels of Logic = 1)
  Source:            data_4 (FF)
  Destination:       data<4> (PAD)
  Source Clock:      clk rising

  Data Path: data_4 to data<4>
                                Gate     Net
    Cell:in->out      fanout   Delay   Delay  Logical Name (Net Name)
    ----------------------------------------  ------------
     FDE:C->Q             33   0.447   1.305  data_4 (data_4)
     OBUF:I->O                 2.571          data_4_OBUF (data<4>)
    ----------------------------------------
    Total                      4.323ns (3.018ns logic, 1.305ns route)
                                       (69.8% logic, 30.2% route)

=========================================================================

Cross Clock Domains Report:
--------------------------

Clock to Setup on destination clock clk
---------------+---------+---------+---------+---------+
               | Src:Rise| Src:Fall| Src:Rise| Src:Fall|
Source Clock   |Dest:Rise|Dest:Rise|Dest:Fall|Dest:Fall|
---------------+---------+---------+---------+---------+
clk            |    2.749|         |         |         |
---------------+---------+---------+---------+---------+

=========================================================================


Total REAL time to Xst completion: 8.00 secs
Total CPU time to Xst completion: 8.19 secs
 
--> 

Total memory usage is 4501000 kilobytes

Number of errors   :    0 (   0 filtered)
Number of warnings :    0 (   0 filtered)
Number of infos    :    0 (   0 filtered)

