Release 14.7 - xst P.20131013 (nt64)
Copyright (c) 1995-2013 Xilinx, Inc.  All rights reserved.
--> Parameter TMPDIR set to xst/projnav.tmp


Total REAL time to Xst completion: 0.00 secs
Total CPU time to Xst completion: 0.19 secs
 
--> Parameter xsthdpdir set to xst


Total REAL time to Xst completion: 0.00 secs
Total CPU time to Xst completion: 0.19 secs
 
--> Reading design: dual_port_ram.prj

TABLE OF CONTENTS
  1) Synthesis Options Summary
  2) HDL Parsing
  3) HDL Elaboration
  4) HDL Synthesis
       4.1) HDL Synthesis Report
  5) Advanced HDL Synthesis
       5.1) Advanced HDL Synthesis Report
  6) Low Level Synthesis
  7) Partition Report
  8) Design Summary
       8.1) Primitive and Black Box Usage
       8.2) Device utilization summary
       8.3) Partition Resource Summary
       8.4) Timing Report
            8.4.1) Clock Information
            8.4.2) Asynchronous Control Signals Information
            8.4.3) Timing Summary
            8.4.4) Timing Details
            8.4.5) Cross Clock Domains Report


=========================================================================
*                      Synthesis Options Summary                        *
=========================================================================
---- Source Parameters
Input File Name                    : "dual_port_ram.prj"
Ignore Synthesis Constraint File   : NO

---- Target Parameters
Output File Name                   : "dual_port_ram"
Output Format                      : NGC
Target Device                      : xc6slx4-3-tqg144

---- Source Options
Top Module Name                    : dual_port_ram
Automatic FSM Extraction           : YES
FSM Encoding Algorithm             : Auto
Safe Implementation                : No
FSM Style                          : LUT
RAM Extraction                     : Yes
RAM Style                          : Auto
ROM Extraction                     : Yes
Shift Register Extraction          : YES
ROM Style                          : Auto
Resource Sharing                   : YES
Asynchronous To Synchronous        : NO
Shift Register Minimum Size        : 2
Use DSP Block                      : Auto
Automatic Register Balancing       : No

---- Target Options
LUT Combining                      : Auto
Reduce Control Sets                : Auto
Add IO Buffers                     : YES
Global Maximum Fanout              : 100000
Add Generic Clock Buffer(BUFG)     : 16
Register Duplication               : YES
Optimize Instantiated Primitives   : NO
Use Clock Enable                   : Auto
Use Synchronous Set                : Auto
Use Synchronous Reset              : Auto
Pack IO Registers into IOBs        : Auto
Equivalent register Removal        : YES

---- General Options
Optimization Goal                  : Speed
Optimization Effort                : 1
Power Reduction                    : NO
Keep Hierarchy                     : No
Netlist Hierarchy                  : As_Optimized
RTL Output                         : Yes
Global Optimization                : AllClockNets
Read Cores                         : YES
Write Timing Constraints           : NO
Cross Clock Analysis               : NO
Hierarchy Separator                : /
Bus Delimiter                      : <>
Case Specifier                     : Maintain
Slice Utilization Ratio            : 100
BRAM Utilization Ratio             : 100
DSP48 Utilization Ratio            : 100
Auto BRAM Packing                  : NO
Slice Utilization Ratio Delta      : 5

=========================================================================


=========================================================================
*                          HDL Parsing                                  *
=========================================================================
Parsing VHDL file "C:\Users\User\Desktop\Lab07-HeliaSadatHashemipour-9831106\dual-port-ram\dual_port_ram.vhd" into library work
Parsing entity <dual_port_ram>.
Parsing architecture <Behavioral> of entity <dual_port_ram>.

=========================================================================
*                            HDL Elaboration                            *
=========================================================================

Elaborating entity <dual_port_ram> (architecture <Behavioral>) with generics from library <work>.

=========================================================================
*                           HDL Synthesis                               *
=========================================================================

Synthesizing Unit <dual_port_ram>.
    Related source file is "C:\Users\User\Desktop\Lab07-HeliaSadatHashemipour-9831106\dual-port-ram\dual_port_ram.vhd".
        d = 32
        w = 5
        c = 5
    Found 5-bit register for signal <memory<31>>.
    Found 5-bit register for signal <memory<1>>.
    Found 5-bit register for signal <memory<30>>.
    Found 5-bit register for signal <memory<2>>.
    Found 5-bit register for signal <memory<29>>.
    Found 5-bit register for signal <memory<3>>.
    Found 5-bit register for signal <memory<28>>.
    Found 5-bit register for signal <memory<4>>.
    Found 5-bit register for signal <memory<27>>.
    Found 5-bit register for signal <memory<5>>.
    Found 5-bit register for signal <memory<26>>.
    Found 5-bit register for signal <memory<6>>.
    Found 5-bit register for signal <memory<25>>.
    Found 5-bit register for signal <memory<7>>.
    Found 5-bit register for signal <memory<24>>.
    Found 5-bit register for signal <memory<8>>.
    Found 5-bit register for signal <memory<23>>.
    Found 5-bit register for signal <memory<9>>.
    Found 5-bit register for signal <memory<22>>.
    Found 5-bit register for signal <memory<10>>.
    Found 5-bit register for signal <memory<21>>.
    Found 5-bit register for signal <memory<11>>.
    Found 5-bit register for signal <memory<20>>.
    Found 5-bit register for signal <memory<12>>.
    Found 5-bit register for signal <memory<19>>.
    Found 5-bit register for signal <memory<13>>.
    Found 5-bit register for signal <memory<18>>.
    Found 5-bit register for signal <memory<14>>.
    Found 5-bit register for signal <memory<17>>.
    Found 5-bit register for signal <memory<15>>.
    Found 5-bit register for signal <memory<16>>.
    Found 5-bit register for signal <memory<0>>.
    Found 1-bit register for signal <same>.
    Found 5-bit register for signal <data_out>.
    Found 5-bit 32-to-1 multiplexer for signal <addr_RD[4]_memory[31][4]_wide_mux_68_OUT> created at line 84.
    Found 5-bit comparator equal for signal <addr_WR[4]_addr_RD[4]_equal_35_o> created at line 80
    Summary:
	inferred 166 D-type flip-flop(s).
	inferred   1 Comparator(s).
	inferred   1 Multiplexer(s).
Unit <dual_port_ram> synthesized.

=========================================================================
HDL Synthesis Report

Macro Statistics
# Registers                                            : 34
 1-bit register                                        : 1
 5-bit register                                        : 33
# Comparators                                          : 1
 5-bit comparator equal                                : 1
# Multiplexers                                         : 1
 5-bit 32-to-1 multiplexer                             : 1

=========================================================================

=========================================================================
*                       Advanced HDL Synthesis                          *
=========================================================================


=========================================================================
Advanced HDL Synthesis Report

Macro Statistics
# Registers                                            : 166
 Flip-Flops                                            : 166
# Comparators                                          : 1
 5-bit comparator equal                                : 1
# Multiplexers                                         : 1
 5-bit 32-to-1 multiplexer                             : 1

=========================================================================

=========================================================================
*                         Low Level Synthesis                           *
=========================================================================

Optimizing unit <dual_port_ram> ...

Mapping all equations...
Building and optimizing final netlist ...
Found area constraint ratio of 100 (+ 5) on block dual_port_ram, actual ratio is 10.

Final Macro Processing ...

=========================================================================
Final Register Report

Macro Statistics
# Registers                                            : 166
 Flip-Flops                                            : 166

=========================================================================

=========================================================================
*                           Partition Report                            *
=========================================================================

Partition Implementation Status
-------------------------------

  No Partitions were found in this design.

-------------------------------

=========================================================================
*                            Design Summary                             *
=========================================================================

Top Level Output File Name         : dual_port_ram.ngc

Primitive and Black Box Usage:
------------------------------
# BELS                             : 95
#      INV                         : 1
#      LUT3                        : 1
#      LUT4                        : 3
#      LUT5                        : 33
#      LUT6                        : 51
#      MUXF7                       : 5
#      VCC                         : 1
# FlipFlops/Latches                : 166
#      FDCE                        : 81
#      FDE                         : 5
#      FDPE                        : 80
# Clock Buffers                    : 1
#      BUFGP                       : 1
# IO Buffers                       : 24
#      IBUF                        : 18
#      OBUF                        : 6

Device utilization summary:
---------------------------

Selected Device : 6slx4tqg144-3 


Slice Logic Utilization: 
 Number of Slice Registers:             165  out of   4800     3%  
 Number of Slice LUTs:                   89  out of   2400     3%  
    Number used as Logic:                89  out of   2400     3%  

Slice Logic Distribution: 
 Number of LUT Flip Flop pairs used:    230
   Number with an unused Flip Flop:      65  out of    230    28%  
   Number with an unused LUT:           141  out of    230    61%  
   Number of fully used LUT-FF pairs:    24  out of    230    10%  
   Number of unique control sets:        34

IO Utilization: 
 Number of IOs:                          25
 Number of bonded IOBs:                  25  out of    102    24%  
    IOB Flip Flops/Latches:               1

Specific Feature Utilization:
 Number of BUFG/BUFGCTRLs:                1  out of     16     6%  

---------------------------
Partition Resource Summary:
---------------------------

  No Partitions were found in this design.

---------------------------


=========================================================================
Timing Report

NOTE: THESE TIMING NUMBERS ARE ONLY A SYNTHESIS ESTIMATE.
      FOR ACCURATE TIMING INFORMATION PLEASE REFER TO THE TRACE REPORT
      GENERATED AFTER PLACE-and-ROUTE.

Clock Information:
------------------
-----------------------------------+------------------------+-------+
Clock Signal                       | Clock buffer(FF name)  | Load  |
-----------------------------------+------------------------+-------+
clk                                | BUFGP                  | 166   |
-----------------------------------+------------------------+-------+

Asynchronous Control Signals Information:
----------------------------------------
No asynchronous control signals found in this design

Timing Summary:
---------------
Speed Grade: -3

   Minimum period: 2.749ns (Maximum Frequency: 363.808MHz)
   Minimum input arrival time before clock: 7.914ns
   Maximum output required time after clock: 3.597ns
   Maximum combinational path delay: No path found

Timing Details:
---------------
All values displayed in nanoseconds (ns)

=========================================================================
Timing constraint: Default period analysis for Clock 'clk'
  Clock period: 2.749ns (frequency: 363.808MHz)
  Total number of paths / destination ports: 160 / 5
-------------------------------------------------------------------------
Delay:               2.749ns (Levels of Logic = 3)
  Source:            memory_26_0 (FF)
  Destination:       data_out_0 (FF)
  Source Clock:      clk rising
  Destination Clock: clk rising

  Data Path: memory_26_0 to data_out_0
                                Gate     Net
    Cell:in->out      fanout   Delay   Delay  Logical Name (Net Name)
    ----------------------------------------  ------------
     FDCE:C->Q             1   0.447   0.827  memory_26_0 (memory_26_0)
     LUT6:I2->O            1   0.203   0.827  Mmux_addr_RD[4]_memory[31][4]_wide_mux_68_OUT_81 (Mmux_addr_RD[4]_memory[31][4]_wide_mux_68_OUT_81)
     LUT6:I2->O            1   0.203   0.000  Mmux_addr_RD[4]_memory[31][4]_wide_mux_68_OUT_3 (Mmux_addr_RD[4]_memory[31][4]_wide_mux_68_OUT_3)
     MUXF7:I1->O           1   0.140   0.000  Mmux_addr_RD[4]_memory[31][4]_wide_mux_68_OUT_2_f7 (addr_RD[4]_memory[31][4]_wide_mux_68_OUT<0>)
     FDE:D                     0.102          data_out_0
    ----------------------------------------
    Total                      2.749ns (1.095ns logic, 1.654ns route)
                                       (39.8% logic, 60.2% route)

=========================================================================
Timing constraint: Default OFFSET IN BEFORE for Clock 'clk'
  Total number of paths / destination ports: 3223 / 492
-------------------------------------------------------------------------
Offset:              7.914ns (Levels of Logic = 5)
  Source:            addr_RD<0> (PAD)
  Destination:       memory_12_0 (FF)
  Destination Clock: clk rising

  Data Path: addr_RD<0> to memory_12_0
                                Gate     Net
    Cell:in->out      fanout   Delay   Delay  Logical Name (Net Name)
    ----------------------------------------  ------------
     IBUF:I->O            41   1.222   1.784  addr_RD_0_IBUF (addr_RD_0_IBUF)
     LUT6:I0->O            1   0.203   0.924  addr_WR[4]_addr_RD[4]_equal_35_o5_SW0 (N01)
     LUT5:I0->O            4   0.203   0.788  addr_WR[4]_addr_RD[4]_equal_35_o5 (addr_WR[4]_addr_RD[4]_equal_35_o)
     LUT4:I2->O           16   0.203   1.349  _n0508_inv11 (_n0508_inv1)
     LUT5:I0->O            5   0.203   0.714  _n0732_inv1 (_n0732_inv)
     FDCE:CE                   0.322          memory_8_0
    ----------------------------------------
    Total                      7.914ns (2.356ns logic, 5.558ns route)
                                       (29.8% logic, 70.2% route)

=========================================================================
Timing constraint: Default OFFSET OUT AFTER for Clock 'clk'
  Total number of paths / destination ports: 6 / 6
-------------------------------------------------------------------------
Offset:              3.597ns (Levels of Logic = 1)
  Source:            data_out_4 (FF)
  Destination:       data_out<4> (PAD)
  Source Clock:      clk rising

  Data Path: data_out_4 to data_out<4>
                                Gate     Net
    Cell:in->out      fanout   Delay   Delay  Logical Name (Net Name)
    ----------------------------------------  ------------
     FDE:C->Q              1   0.447   0.579  data_out_4 (data_out_4)
     OBUF:I->O                 2.571          data_out_4_OBUF (data_out<4>)
    ----------------------------------------
    Total                      3.597ns (3.018ns logic, 0.579ns route)
                                       (83.9% logic, 16.1% route)

=========================================================================

Cross Clock Domains Report:
--------------------------

Clock to Setup on destination clock clk
---------------+---------+---------+---------+---------+
               | Src:Rise| Src:Fall| Src:Rise| Src:Fall|
Source Clock   |Dest:Rise|Dest:Rise|Dest:Fall|Dest:Fall|
---------------+---------+---------+---------+---------+
clk            |    2.749|         |         |         |
---------------+---------+---------+---------+---------+

=========================================================================


Total REAL time to Xst completion: 7.00 secs
Total CPU time to Xst completion: 7.38 secs
 
--> 

Total memory usage is 4502664 kilobytes

Number of errors   :    0 (   0 filtered)
Number of warnings :    0 (   0 filtered)
Number of infos    :    0 (   0 filtered)

