Release 14.7 - xst P.20131013 (nt64)
Copyright (c) 1995-2013 Xilinx, Inc.  All rights reserved.
--> Parameter TMPDIR set to xst/projnav.tmp


Total REAL time to Xst completion: 0.00 secs
Total CPU time to Xst completion: 0.19 secs
 
--> Parameter xsthdpdir set to xst


Total REAL time to Xst completion: 0.00 secs
Total CPU time to Xst completion: 0.19 secs
 
--> Reading design: dula_port_ram.prj

TABLE OF CONTENTS
  1) Synthesis Options Summary
  2) HDL Parsing
  3) HDL Elaboration
  4) HDL Synthesis
       4.1) HDL Synthesis Report
  5) Advanced HDL Synthesis
       5.1) Advanced HDL Synthesis Report
  6) Low Level Synthesis
  7) Partition Report
  8) Design Summary
       8.1) Primitive and Black Box Usage
       8.2) Device utilization summary
       8.3) Partition Resource Summary
       8.4) Timing Report
            8.4.1) Clock Information
            8.4.2) Asynchronous Control Signals Information
            8.4.3) Timing Summary
            8.4.4) Timing Details
            8.4.5) Cross Clock Domains Report


=========================================================================
*                      Synthesis Options Summary                        *
=========================================================================
---- Source Parameters
Input File Name                    : "dula_port_ram.prj"
Ignore Synthesis Constraint File   : NO

---- Target Parameters
Output File Name                   : "dula_port_ram"
Output Format                      : NGC
Target Device                      : xc6slx4-3-tqg144

---- Source Options
Top Module Name                    : dula_port_ram
Automatic FSM Extraction           : YES
FSM Encoding Algorithm             : Auto
Safe Implementation                : No
FSM Style                          : LUT
RAM Extraction                     : Yes
RAM Style                          : Auto
ROM Extraction                     : Yes
Shift Register Extraction          : YES
ROM Style                          : Auto
Resource Sharing                   : YES
Asynchronous To Synchronous        : NO
Shift Register Minimum Size        : 2
Use DSP Block                      : Auto
Automatic Register Balancing       : No

---- Target Options
LUT Combining                      : Auto
Reduce Control Sets                : Auto
Add IO Buffers                     : YES
Global Maximum Fanout              : 100000
Add Generic Clock Buffer(BUFG)     : 16
Register Duplication               : YES
Optimize Instantiated Primitives   : NO
Use Clock Enable                   : Auto
Use Synchronous Set                : Auto
Use Synchronous Reset              : Auto
Pack IO Registers into IOBs        : Auto
Equivalent register Removal        : YES

---- General Options
Optimization Goal                  : Speed
Optimization Effort                : 1
Power Reduction                    : NO
Keep Hierarchy                     : No
Netlist Hierarchy                  : As_Optimized
RTL Output                         : Yes
Global Optimization                : AllClockNets
Read Cores                         : YES
Write Timing Constraints           : NO
Cross Clock Analysis               : NO
Hierarchy Separator                : /
Bus Delimiter                      : <>
Case Specifier                     : Maintain
Slice Utilization Ratio            : 100
BRAM Utilization Ratio             : 100
DSP48 Utilization Ratio            : 100
Auto BRAM Packing                  : NO
Slice Utilization Ratio Delta      : 5

=========================================================================


=========================================================================
*                          HDL Parsing                                  *
=========================================================================
Parsing VHDL file "C:\Users\User\Desktop\Lab07-HeliaSadatHashemipour-9831106\dual-port-ram\dual_port_ram.vhd" into library work
Parsing entity <dula_port_ram>.
Parsing architecture <ram_dual_port> of entity <dula_port_ram>.

=========================================================================
*                            HDL Elaboration                            *
=========================================================================

Elaborating entity <dula_port_ram> (architecture <ram_dual_port>) with generics from library <work>.

=========================================================================
*                           HDL Synthesis                               *
=========================================================================

Synthesizing Unit <dula_port_ram>.
    Related source file is "C:\Users\User\Desktop\Lab07-HeliaSadatHashemipour-9831106\dual-port-ram\dual_port_ram.vhd".
        c = 4
        w = 8
    Found 8-bit register for signal <memory<14>>.
    Found 8-bit register for signal <memory<13>>.
    Found 8-bit register for signal <memory<12>>.
    Found 8-bit register for signal <memory<11>>.
    Found 8-bit register for signal <memory<10>>.
    Found 8-bit register for signal <memory<9>>.
    Found 8-bit register for signal <memory<8>>.
    Found 8-bit register for signal <memory<7>>.
    Found 8-bit register for signal <memory<6>>.
    Found 8-bit register for signal <memory<5>>.
    Found 8-bit register for signal <memory<4>>.
    Found 8-bit register for signal <memory<3>>.
    Found 8-bit register for signal <memory<2>>.
    Found 8-bit register for signal <memory<1>>.
    Found 8-bit register for signal <memory<0>>.
    Found 8-bit register for signal <memory<15>>.
    Found 8-bit register for signal <temp>.
    Found 8-bit register for signal <data>.
    Found 8-bit 16-to-1 multiplexer for signal <addr_rd[3]_memory[15][7]_wide_mux_0_OUT> created at line 67.
    Summary:
	inferred 144 D-type flip-flop(s).
	inferred   2 Multiplexer(s).
Unit <dula_port_ram> synthesized.

=========================================================================
HDL Synthesis Report

Macro Statistics
# Registers                                            : 18
 8-bit register                                        : 18
# Multiplexers                                         : 2
 8-bit 16-to-1 multiplexer                             : 1
 8-bit 2-to-1 multiplexer                              : 1

=========================================================================

=========================================================================
*                       Advanced HDL Synthesis                          *
=========================================================================


=========================================================================
Advanced HDL Synthesis Report

Macro Statistics
# Registers                                            : 144
 Flip-Flops                                            : 144
# Multiplexers                                         : 2
 8-bit 16-to-1 multiplexer                             : 1
 8-bit 2-to-1 multiplexer                              : 1

=========================================================================

=========================================================================
*                         Low Level Synthesis                           *
=========================================================================

Optimizing unit <dula_port_ram> ...
WARNING:Xst:1710 - FF/Latch <memory_4_5> (without init value) has a constant value of 0 in block <dula_port_ram>. This FF/Latch will be trimmed during the optimization process.
WARNING:Xst:1895 - Due to other FF/Latch trimming, FF/Latch <memory_4_4> (without init value) has a constant value of 0 in block <dula_port_ram>. This FF/Latch will be trimmed during the optimization process.
WARNING:Xst:1895 - Due to other FF/Latch trimming, FF/Latch <memory_5_7> (without init value) has a constant value of 0 in block <dula_port_ram>. This FF/Latch will be trimmed during the optimization process.
WARNING:Xst:1895 - Due to other FF/Latch trimming, FF/Latch <memory_5_6> (without init value) has a constant value of 0 in block <dula_port_ram>. This FF/Latch will be trimmed during the optimization process.
WARNING:Xst:1895 - Due to other FF/Latch trimming, FF/Latch <memory_5_5> (without init value) has a constant value of 0 in block <dula_port_ram>. This FF/Latch will be trimmed during the optimization process.
WARNING:Xst:1895 - Due to other FF/Latch trimming, FF/Latch <memory_5_4> (without init value) has a constant value of 0 in block <dula_port_ram>. This FF/Latch will be trimmed during the optimization process.
WARNING:Xst:1895 - Due to other FF/Latch trimming, FF/Latch <memory_3_7> (without init value) has a constant value of 0 in block <dula_port_ram>. This FF/Latch will be trimmed during the optimization process.
WARNING:Xst:1895 - Due to other FF/Latch trimming, FF/Latch <memory_3_6> (without init value) has a constant value of 0 in block <dula_port_ram>. This FF/Latch will be trimmed during the optimization process.
WARNING:Xst:1895 - Due to other FF/Latch trimming, FF/Latch <memory_3_5> (without init value) has a constant value of 0 in block <dula_port_ram>. This FF/Latch will be trimmed during the optimization process.
WARNING:Xst:1895 - Due to other FF/Latch trimming, FF/Latch <memory_3_4> (without init value) has a constant value of 0 in block <dula_port_ram>. This FF/Latch will be trimmed during the optimization process.
WARNING:Xst:1895 - Due to other FF/Latch trimming, FF/Latch <memory_6_7> (without init value) has a constant value of 0 in block <dula_port_ram>. This FF/Latch will be trimmed during the optimization process.
WARNING:Xst:1895 - Due to other FF/Latch trimming, FF/Latch <memory_6_6> (without init value) has a constant value of 0 in block <dula_port_ram>. This FF/Latch will be trimmed during the optimization process.
WARNING:Xst:1895 - Due to other FF/Latch trimming, FF/Latch <memory_6_5> (without init value) has a constant value of 0 in block <dula_port_ram>. This FF/Latch will be trimmed during the optimization process.
WARNING:Xst:1895 - Due to other FF/Latch trimming, FF/Latch <memory_6_4> (without init value) has a constant value of 0 in block <dula_port_ram>. This FF/Latch will be trimmed during the optimization process.
WARNING:Xst:1895 - Due to other FF/Latch trimming, FF/Latch <memory_7_7> (without init value) has a constant value of 0 in block <dula_port_ram>. This FF/Latch will be trimmed during the optimization process.
WARNING:Xst:1895 - Due to other FF/Latch trimming, FF/Latch <memory_7_6> (without init value) has a constant value of 0 in block <dula_port_ram>. This FF/Latch will be trimmed during the optimization process.
WARNING:Xst:1895 - Due to other FF/Latch trimming, FF/Latch <memory_7_5> (without init value) has a constant value of 0 in block <dula_port_ram>. This FF/Latch will be trimmed during the optimization process.
WARNING:Xst:1895 - Due to other FF/Latch trimming, FF/Latch <memory_7_4> (without init value) has a constant value of 0 in block <dula_port_ram>. This FF/Latch will be trimmed during the optimization process.
WARNING:Xst:1895 - Due to other FF/Latch trimming, FF/Latch <memory_15_7> (without init value) has a constant value of 0 in block <dula_port_ram>. This FF/Latch will be trimmed during the optimization process.
WARNING:Xst:1895 - Due to other FF/Latch trimming, FF/Latch <memory_15_6> (without init value) has a constant value of 0 in block <dula_port_ram>. This FF/Latch will be trimmed during the optimization process.
WARNING:Xst:1895 - Due to other FF/Latch trimming, FF/Latch <memory_15_5> (without init value) has a constant value of 0 in block <dula_port_ram>. This FF/Latch will be trimmed during the optimization process.
WARNING:Xst:1895 - Due to other FF/Latch trimming, FF/Latch <memory_15_4> (without init value) has a constant value of 0 in block <dula_port_ram>. This FF/Latch will be trimmed during the optimization process.
WARNING:Xst:1895 - Due to other FF/Latch trimming, FF/Latch <memory_0_7> (without init value) has a constant value of 0 in block <dula_port_ram>. This FF/Latch will be trimmed during the optimization process.
WARNING:Xst:1895 - Due to other FF/Latch trimming, FF/Latch <memory_0_6> (without init value) has a constant value of 0 in block <dula_port_ram>. This FF/Latch will be trimmed during the optimization process.
WARNING:Xst:1895 - Due to other FF/Latch trimming, FF/Latch <memory_0_5> (without init value) has a constant value of 0 in block <dula_port_ram>. This FF/Latch will be trimmed during the optimization process.
WARNING:Xst:1895 - Due to other FF/Latch trimming, FF/Latch <memory_0_4> (without init value) has a constant value of 0 in block <dula_port_ram>. This FF/Latch will be trimmed during the optimization process.
WARNING:Xst:1895 - Due to other FF/Latch trimming, FF/Latch <memory_1_7> (without init value) has a constant value of 0 in block <dula_port_ram>. This FF/Latch will be trimmed during the optimization process.
WARNING:Xst:1895 - Due to other FF/Latch trimming, FF/Latch <memory_1_6> (without init value) has a constant value of 0 in block <dula_port_ram>. This FF/Latch will be trimmed during the optimization process.
WARNING:Xst:1895 - Due to other FF/Latch trimming, FF/Latch <memory_1_5> (without init value) has a constant value of 0 in block <dula_port_ram>. This FF/Latch will be trimmed during the optimization process.
WARNING:Xst:1895 - Due to other FF/Latch trimming, FF/Latch <memory_1_4> (without init value) has a constant value of 0 in block <dula_port_ram>. This FF/Latch will be trimmed during the optimization process.
WARNING:Xst:1895 - Due to other FF/Latch trimming, FF/Latch <memory_2_7> (without init value) has a constant value of 0 in block <dula_port_ram>. This FF/Latch will be trimmed during the optimization process.
WARNING:Xst:1895 - Due to other FF/Latch trimming, FF/Latch <memory_2_6> (without init value) has a constant value of 0 in block <dula_port_ram>. This FF/Latch will be trimmed during the optimization process.
WARNING:Xst:1895 - Due to other FF/Latch trimming, FF/Latch <memory_2_5> (without init value) has a constant value of 0 in block <dula_port_ram>. This FF/Latch will be trimmed during the optimization process.
WARNING:Xst:1895 - Due to other FF/Latch trimming, FF/Latch <memory_2_4> (without init value) has a constant value of 0 in block <dula_port_ram>. This FF/Latch will be trimmed during the optimization process.
WARNING:Xst:1895 - Due to other FF/Latch trimming, FF/Latch <memory_4_7> (without init value) has a constant value of 0 in block <dula_port_ram>. This FF/Latch will be trimmed during the optimization process.
WARNING:Xst:1895 - Due to other FF/Latch trimming, FF/Latch <memory_4_6> (without init value) has a constant value of 0 in block <dula_port_ram>. This FF/Latch will be trimmed during the optimization process.
WARNING:Xst:1895 - Due to other FF/Latch trimming, FF/Latch <temp_4> (without init value) has a constant value of 0 in block <dula_port_ram>. This FF/Latch will be trimmed during the optimization process.
WARNING:Xst:1895 - Due to other FF/Latch trimming, FF/Latch <temp_5> (without init value) has a constant value of 0 in block <dula_port_ram>. This FF/Latch will be trimmed during the optimization process.
WARNING:Xst:1895 - Due to other FF/Latch trimming, FF/Latch <temp_6> (without init value) has a constant value of 0 in block <dula_port_ram>. This FF/Latch will be trimmed during the optimization process.
WARNING:Xst:1895 - Due to other FF/Latch trimming, FF/Latch <temp_7> (without init value) has a constant value of 0 in block <dula_port_ram>. This FF/Latch will be trimmed during the optimization process.
WARNING:Xst:1895 - Due to other FF/Latch trimming, FF/Latch <memory_13_4> (without init value) has a constant value of 0 in block <dula_port_ram>. This FF/Latch will be trimmed during the optimization process.
WARNING:Xst:1895 - Due to other FF/Latch trimming, FF/Latch <memory_13_5> (without init value) has a constant value of 0 in block <dula_port_ram>. This FF/Latch will be trimmed during the optimization process.
WARNING:Xst:1895 - Due to other FF/Latch trimming, FF/Latch <memory_13_6> (without init value) has a constant value of 0 in block <dula_port_ram>. This FF/Latch will be trimmed during the optimization process.
WARNING:Xst:1895 - Due to other FF/Latch trimming, FF/Latch <memory_13_7> (without init value) has a constant value of 0 in block <dula_port_ram>. This FF/Latch will be trimmed during the optimization process.
WARNING:Xst:1895 - Due to other FF/Latch trimming, FF/Latch <memory_14_4> (without init value) has a constant value of 0 in block <dula_port_ram>. This FF/Latch will be trimmed during the optimization process.
WARNING:Xst:1895 - Due to other FF/Latch trimming, FF/Latch <memory_14_5> (without init value) has a constant value of 0 in block <dula_port_ram>. This FF/Latch will be trimmed during the optimization process.
WARNING:Xst:1895 - Due to other FF/Latch trimming, FF/Latch <memory_14_6> (without init value) has a constant value of 0 in block <dula_port_ram>. This FF/Latch will be trimmed during the optimization process.
WARNING:Xst:1895 - Due to other FF/Latch trimming, FF/Latch <memory_14_7> (without init value) has a constant value of 0 in block <dula_port_ram>. This FF/Latch will be trimmed during the optimization process.
WARNING:Xst:1895 - Due to other FF/Latch trimming, FF/Latch <memory_12_4> (without init value) has a constant value of 0 in block <dula_port_ram>. This FF/Latch will be trimmed during the optimization process.
WARNING:Xst:1895 - Due to other FF/Latch trimming, FF/Latch <memory_12_5> (without init value) has a constant value of 0 in block <dula_port_ram>. This FF/Latch will be trimmed during the optimization process.
WARNING:Xst:1895 - Due to other FF/Latch trimming, FF/Latch <memory_12_6> (without init value) has a constant value of 0 in block <dula_port_ram>. This FF/Latch will be trimmed during the optimization process.
WARNING:Xst:1895 - Due to other FF/Latch trimming, FF/Latch <memory_12_7> (without init value) has a constant value of 0 in block <dula_port_ram>. This FF/Latch will be trimmed during the optimization process.
WARNING:Xst:1895 - Due to other FF/Latch trimming, FF/Latch <memory_9_7> (without init value) has a constant value of 0 in block <dula_port_ram>. This FF/Latch will be trimmed during the optimization process.
WARNING:Xst:1895 - Due to other FF/Latch trimming, FF/Latch <memory_9_6> (without init value) has a constant value of 0 in block <dula_port_ram>. This FF/Latch will be trimmed during the optimization process.
WARNING:Xst:1895 - Due to other FF/Latch trimming, FF/Latch <memory_9_5> (without init value) has a constant value of 0 in block <dula_port_ram>. This FF/Latch will be trimmed during the optimization process.
WARNING:Xst:1895 - Due to other FF/Latch trimming, FF/Latch <memory_9_4> (without init value) has a constant value of 0 in block <dula_port_ram>. This FF/Latch will be trimmed during the optimization process.
WARNING:Xst:1895 - Due to other FF/Latch trimming, FF/Latch <memory_10_7> (without init value) has a constant value of 0 in block <dula_port_ram>. This FF/Latch will be trimmed during the optimization process.
WARNING:Xst:1895 - Due to other FF/Latch trimming, FF/Latch <memory_10_6> (without init value) has a constant value of 0 in block <dula_port_ram>. This FF/Latch will be trimmed during the optimization process.
WARNING:Xst:1895 - Due to other FF/Latch trimming, FF/Latch <memory_10_5> (without init value) has a constant value of 0 in block <dula_port_ram>. This FF/Latch will be trimmed during the optimization process.
WARNING:Xst:1895 - Due to other FF/Latch trimming, FF/Latch <memory_10_4> (without init value) has a constant value of 0 in block <dula_port_ram>. This FF/Latch will be trimmed during the optimization process.
WARNING:Xst:1895 - Due to other FF/Latch trimming, FF/Latch <memory_8_7> (without init value) has a constant value of 0 in block <dula_port_ram>. This FF/Latch will be trimmed during the optimization process.
WARNING:Xst:1895 - Due to other FF/Latch trimming, FF/Latch <memory_8_6> (without init value) has a constant value of 0 in block <dula_port_ram>. This FF/Latch will be trimmed during the optimization process.
WARNING:Xst:1895 - Due to other FF/Latch trimming, FF/Latch <memory_8_5> (without init value) has a constant value of 0 in block <dula_port_ram>. This FF/Latch will be trimmed during the optimization process.
WARNING:Xst:1895 - Due to other FF/Latch trimming, FF/Latch <memory_8_4> (without init value) has a constant value of 0 in block <dula_port_ram>. This FF/Latch will be trimmed during the optimization process.
WARNING:Xst:1895 - Due to other FF/Latch trimming, FF/Latch <memory_11_7> (without init value) has a constant value of 0 in block <dula_port_ram>. This FF/Latch will be trimmed during the optimization process.
WARNING:Xst:1895 - Due to other FF/Latch trimming, FF/Latch <memory_11_6> (without init value) has a constant value of 0 in block <dula_port_ram>. This FF/Latch will be trimmed during the optimization process.
WARNING:Xst:1895 - Due to other FF/Latch trimming, FF/Latch <memory_11_5> (without init value) has a constant value of 0 in block <dula_port_ram>. This FF/Latch will be trimmed during the optimization process.
WARNING:Xst:1895 - Due to other FF/Latch trimming, FF/Latch <memory_11_4> (without init value) has a constant value of 0 in block <dula_port_ram>. This FF/Latch will be trimmed during the optimization process.
WARNING:Xst:1895 - Due to other FF/Latch trimming, FF/Latch <data_7> (without init value) has a constant value of 0 in block <dula_port_ram>. This FF/Latch will be trimmed during the optimization process.
WARNING:Xst:1895 - Due to other FF/Latch trimming, FF/Latch <data_6> (without init value) has a constant value of 0 in block <dula_port_ram>. This FF/Latch will be trimmed during the optimization process.
WARNING:Xst:1895 - Due to other FF/Latch trimming, FF/Latch <data_5> (without init value) has a constant value of 0 in block <dula_port_ram>. This FF/Latch will be trimmed during the optimization process.
WARNING:Xst:1895 - Due to other FF/Latch trimming, FF/Latch <data_4> (without init value) has a constant value of 0 in block <dula_port_ram>. This FF/Latch will be trimmed during the optimization process.

Mapping all equations...
Building and optimizing final netlist ...
Found area constraint ratio of 100 (+ 5) on block dula_port_ram, actual ratio is 5.

Final Macro Processing ...

=========================================================================
Final Register Report

Macro Statistics
# Registers                                            : 72
 Flip-Flops                                            : 72

=========================================================================

=========================================================================
*                           Partition Report                            *
=========================================================================

Partition Implementation Status
-------------------------------

  No Partitions were found in this design.

-------------------------------

=========================================================================
*                            Design Summary                             *
=========================================================================

Top Level Output File Name         : dula_port_ram.ngc

Primitive and Black Box Usage:
------------------------------
# BELS                             : 48
#      GND                         : 1
#      INV                         : 1
#      LUT2                        : 1
#      LUT3                        : 1
#      LUT5                        : 4
#      LUT6                        : 32
#      MUXF7                       : 8
# FlipFlops/Latches                : 72
#      FDCE                        : 32
#      FDE                         : 8
#      FDPE                        : 32
# Clock Buffers                    : 1
#      BUFGP                       : 1
# IO Buffers                       : 19
#      IBUF                        : 11
#      OBUF                        : 8

Device utilization summary:
---------------------------

Selected Device : 6slx4tqg144-3 


Slice Logic Utilization: 
 Number of Slice Registers:              72  out of   4800     1%  
 Number of Slice LUTs:                   39  out of   2400     1%  
    Number used as Logic:                39  out of   2400     1%  

Slice Logic Distribution: 
 Number of LUT Flip Flop pairs used:     98
   Number with an unused Flip Flop:      26  out of     98    26%  
   Number with an unused LUT:            59  out of     98    60%  
   Number of fully used LUT-FF pairs:    13  out of     98    13%  
   Number of unique control sets:        18

IO Utilization: 
 Number of IOs:                          20
 Number of bonded IOBs:                  20  out of    102    19%  

Specific Feature Utilization:
 Number of BUFG/BUFGCTRLs:                1  out of     16     6%  

---------------------------
Partition Resource Summary:
---------------------------

  No Partitions were found in this design.

---------------------------


=========================================================================
Timing Report

NOTE: THESE TIMING NUMBERS ARE ONLY A SYNTHESIS ESTIMATE.
      FOR ACCURATE TIMING INFORMATION PLEASE REFER TO THE TRACE REPORT
      GENERATED AFTER PLACE-and-ROUTE.

Clock Information:
------------------
-----------------------------------+------------------------+-------+
Clock Signal                       | Clock buffer(FF name)  | Load  |
-----------------------------------+------------------------+-------+
clk                                | BUFGP                  | 72    |
-----------------------------------+------------------------+-------+

Asynchronous Control Signals Information:
----------------------------------------
No asynchronous control signals found in this design

Timing Summary:
---------------
Speed Grade: -3

   Minimum period: 2.606ns (Maximum Frequency: 383.774MHz)
   Minimum input arrival time before clock: 4.148ns
   Maximum output required time after clock: 4.067ns
   Maximum combinational path delay: No path found

Timing Details:
---------------
All values displayed in nanoseconds (ns)

=========================================================================
Timing constraint: Default period analysis for Clock 'clk'
  Clock period: 2.606ns (frequency: 383.774MHz)
  Total number of paths / destination ports: 136 / 72
-------------------------------------------------------------------------
Delay:               2.606ns (Levels of Logic = 3)
  Source:            memory_14_0 (FF)
  Destination:       temp_0 (FF)
  Source Clock:      clk rising
  Destination Clock: clk rising

  Data Path: memory_14_0 to temp_0
                                Gate     Net
    Cell:in->out      fanout   Delay   Delay  Logical Name (Net Name)
    ----------------------------------------  ------------
     FDCE:C->Q             1   0.447   0.827  memory_14_0 (memory_14_0)
     LUT6:I2->O            1   0.203   0.000  Mmux_addr_rd[3]_memory[15][7]_wide_mux_0_OUT_4 (Mmux_addr_rd[3]_memory[15][7]_wide_mux_0_OUT_4)
     MUXF7:I1->O           1   0.140   0.684  Mmux_addr_rd[3]_memory[15][7]_wide_mux_0_OUT_3_f7 (Mmux_addr_rd[3]_memory[15][7]_wide_mux_0_OUT_3_f7)
     LUT5:I3->O            1   0.203   0.000  Mmux_temp[7]_addr_rd[3]_mux_19_OUT11 (temp[7]_addr_rd[3]_mux_19_OUT<0>)
     FDE:D                     0.102          temp_0
    ----------------------------------------
    Total                      2.606ns (1.095ns logic, 1.511ns route)
                                       (42.0% logic, 58.0% route)

=========================================================================
Timing constraint: Default OFFSET IN BEFORE for Clock 'clk'
  Total number of paths / destination ports: 516 / 140
-------------------------------------------------------------------------
Offset:              4.148ns (Levels of Logic = 2)
  Source:            reset (PAD)
  Destination:       memory_13_0 (FF)
  Destination Clock: clk rising

  Data Path: reset to memory_13_0
                                Gate     Net
    Cell:in->out      fanout   Delay   Delay  Logical Name (Net Name)
    ----------------------------------------  ------------
     IBUF:I->O             3   1.222   0.650  reset_IBUF (reset_IBUF)
     INV:I->O             64   0.206   1.639  reset_inv1_INV_0 (reset_inv)
     FDPE:PRE                  0.430          memory_13_0
    ----------------------------------------
    Total                      4.148ns (1.858ns logic, 2.290ns route)
                                       (44.8% logic, 55.2% route)

=========================================================================
Timing constraint: Default OFFSET OUT AFTER for Clock 'clk'
  Total number of paths / destination ports: 4 / 4
-------------------------------------------------------------------------
Offset:              4.067ns (Levels of Logic = 1)
  Source:            data_3 (FF)
  Destination:       data<3> (PAD)
  Source Clock:      clk rising

  Data Path: data_3 to data<3>
                                Gate     Net
    Cell:in->out      fanout   Delay   Delay  Logical Name (Net Name)
    ----------------------------------------  ------------
     FDE:C->Q             18   0.447   1.049  data_3 (data_3)
     OBUF:I->O                 2.571          data_3_OBUF (data<3>)
    ----------------------------------------
    Total                      4.067ns (3.018ns logic, 1.049ns route)
                                       (74.2% logic, 25.8% route)

=========================================================================

Cross Clock Domains Report:
--------------------------

Clock to Setup on destination clock clk
---------------+---------+---------+---------+---------+
               | Src:Rise| Src:Fall| Src:Rise| Src:Fall|
Source Clock   |Dest:Rise|Dest:Rise|Dest:Fall|Dest:Fall|
---------------+---------+---------+---------+---------+
clk            |    2.606|         |         |         |
---------------+---------+---------+---------+---------+

=========================================================================


Total REAL time to Xst completion: 9.00 secs
Total CPU time to Xst completion: 8.65 secs
 
--> 

Total memory usage is 4502280 kilobytes

Number of errors   :    0 (   0 filtered)
Number of warnings :   72 (   0 filtered)
Number of infos    :    0 (   0 filtered)

