Running: C:\Xilinx\14.7\ISE_DS\ISE\bin\nt64\unwrapped\fuse.exe -intstyle ise -incremental -lib secureip -o C:/Users/User/Desktop/Lab07-HeliaSadatHashemipour-9831106/Cam/Cam_test_isim_beh.exe -prj C:/Users/User/Desktop/Lab07-HeliaSadatHashemipour-9831106/Cam/Cam_test_beh.prj work.Cam_test 
ISim P.20131013 (signature 0x7708f090)
Number of CPUs detected in this system: 4
Turning on mult-threading, number of parallel sub-compilation jobs: 8 
Determining compilation order of HDL files
Parsing VHDL file "C:/Users/User/Desktop/Lab07-HeliaSadatHashemipour-9831106/Cam/Cam.vhd" into library work
Parsing VHDL file "C:/Users/User/Desktop/Lab07-HeliaSadatHashemipour-9831106/Cam/Cam_test.vhd" into library work
Starting static elaboration
Completed static elaboration
Compiling package standard
Compiling package std_logic_1164
Compiling package numeric_std
Compiling architecture content_addressable_memorry of entity Cam [\Cam(16,4,4)\]
Compiling architecture behavior of entity cam_test
Time Resolution for simulation is 1ps.
Waiting for 1 sub-compilation(s) to finish...
Compiled 6 VHDL Units
Built simulation executable C:/Users/User/Desktop/Lab07-HeliaSadatHashemipour-9831106/Cam/Cam_test_isim_beh.exe
Fuse Memory Usage: 36216 KB
Fuse CPU Usage: 750 ms
